\BOOKMARK [0][-]{chapter*.2}{Wstep}{}
\BOOKMARK [0][-]{chapter.1}{Cel pracy}{}
\BOOKMARK [0][-]{chapter.2}{Charakterystyka tematu pracy}{}
\BOOKMARK [0][-]{chapter.3}{Charakterystyka narzedzia wykorzystywanego do wykonania pracy}{}
\BOOKMARK [1][-]{section.3.1}{Katalog g\233\363wny Moodle'a}{chapter.3}
\BOOKMARK [1][-]{section.3.2}{Katalog danych Moodle'a}{chapter.3}
\BOOKMARK [1][-]{section.3.3}{Baza danych Moodle'a}{chapter.3}
\BOOKMARK [1][-]{section.3.4}{Struktura katalog\363w Moodle'a}{chapter.3}
\BOOKMARK [0][-]{chapter.4}{Charakterystyka wykorzystanych technologii}{}
\BOOKMARK [0][-]{chapter.5}{Uzasadnienie wyboru narzedzi}{}
\BOOKMARK [1][-]{section.5.1}{Popularnosc}{chapter.5}
\BOOKMARK [1][-]{section.5.2}{Koszt wykonania witryny}{chapter.5}
\BOOKMARK [1][-]{section.5.3}{Spo\233ecznosc}{chapter.5}
\BOOKMARK [1][-]{section.5.4}{Filozofia edukacji}{chapter.5}
\BOOKMARK [0][-]{chapter.6}{Projekt systemu}{}
\BOOKMARK [1][-]{section.6.1}{Charakterystyka witryny}{chapter.6}
\BOOKMARK [1][-]{section.6.2}{Opis dzia\233ania witryny}{chapter.6}
\BOOKMARK [1][-]{section.6.3}{Konfiguracja witryny}{chapter.6}
\BOOKMARK [1][-]{section.6.4}{Plan tworzenia witryny nauczania}{chapter.6}
\BOOKMARK [1][-]{section.6.5}{Schematy blokowe}{chapter.6}
\BOOKMARK [0][-]{chapter.7}{Uwagi koncowe i wnioski}{}
\BOOKMARK [0][-]{chapter*.3}{Bibliografia}{}
\BOOKMARK [0][-]{chapter*.4}{Spis Rysunk\363w}{}
\BOOKMARK [0][-]{chapter*.5}{Spis Tabel}{}
