\BOOKMARK [1][-]{section.0.1}{Wstep}{}% 1
\BOOKMARK [1][-]{section.0.2}{Cel pracy}{}% 2
\BOOKMARK [1][-]{section.0.3}{Struktura pracy}{}% 3
\BOOKMARK [0][-]{chapter.1}{Poczatek...}{}% 4
\BOOKMARK [1][-]{section.1.1}{Steganografia}{chapter.1}% 5
\BOOKMARK [1][-]{section.1.2}{Kryptografia}{chapter.1}% 6
\BOOKMARK [1][-]{section.1.3}{Szyfry z kluczem symertycznym}{chapter.1}% 7
\BOOKMARK [1][-]{section.1.4}{Szyfry z kluczem asymertycznym}{chapter.1}% 8
\BOOKMARK [1][-]{section.1.5}{Podpis cyfrowy}{chapter.1}% 9
\BOOKMARK [2][-]{subsection.1.5.1}{Niezaprzeczalne podpisy cyfrowe}{section.1.5}% 10
\BOOKMARK [2][-]{subsection.1.5.2}{Niepodrabialne podpisy cyfrowe}{section.1.5}% 11
\BOOKMARK [2][-]{subsection.1.5.3}{Podpisy slepe}{section.1.5}% 12
\BOOKMARK [2][-]{subsection.1.5.4}{Inne warianty podpisu cyfrowego}{section.1.5}% 13
\BOOKMARK [0][-]{chapter.2}{Infrastruktura klucza publicznego}{}% 14
\BOOKMARK [1][-]{section.2.1}{PKI w teorii...}{chapter.2}% 15
\BOOKMARK [1][-]{section.2.2}{...i w praktyce}{chapter.2}% 16
\BOOKMARK [2][-]{subsection.2.2.1}{Z\233ozonosc}{section.2.2}% 17
\BOOKMARK [2][-]{subsection.2.2.2}{Zaufanie}{section.2.2}% 18
\BOOKMARK [2][-]{subsection.2.2.3}{Cykl zycia klucza}{section.2.2}% 19
\BOOKMARK [0][-]{chapter.3}{Jezyk XML}{}% 20
\BOOKMARK [1][-]{section.3.1}{XML Signature}{chapter.3}% 21
\BOOKMARK [2][-]{subsection.3.1.1}{Struktura dokumentu}{section.3.1}% 22
\BOOKMARK [2][-]{subsection.3.1.2}{Elementy dodatkowe}{section.3.1}% 23
\BOOKMARK [0][-]{chapter.4}{Zakonczenie}{}% 24
